<?xml version="1.0" encoding="UTF-8"?>
<testng-results skipped="0" failed="0" ignored="0" total="1" passed="1">
  <reporter-output>
  </reporter-output>
  <suite name="Default suite" duration-ms="27309" started-at="2018-05-27T13:36:38Z" finished-at="2018-05-27T13:37:05Z">
    <groups>
    </groups>
    <test name="Default test" duration-ms="27309" started-at="2018-05-27T13:36:38Z" finished-at="2018-05-27T13:37:05Z">
      <class name="testcases.TC_01_PayPal">
        <test-method status="PASS" signature="beforeSuite()[pri:0, instance:testcases.TC_01_PayPal@136e911]" name="beforeSuite" is-config="true" duration-ms="644" started-at="2018-05-27T13:36:37Z" finished-at="2018-05-27T13:36:38Z">
          <reporter-output>
          </reporter-output>
        </test-method> <!-- beforeSuite -->
        <test-method status="PASS" signature="setData()[pri:0, instance:testcases.TC_01_PayPal@136e911]" name="setData" is-config="true" duration-ms="1" started-at="2018-05-27T13:36:38Z" finished-at="2018-05-27T13:36:38Z">
          <reporter-output>
          </reporter-output>
        </test-method> <!-- setData -->
        <test-method status="PASS" signature="beforeClass()[pri:0, instance:testcases.TC_01_PayPal@136e911]" name="beforeClass" is-config="true" duration-ms="2" started-at="2018-05-27T13:36:38Z" finished-at="2018-05-27T13:36:38Z">
          <reporter-output>
          </reporter-output>
        </test-method> <!-- beforeClass -->
        <test-method status="PASS" signature="beforeMethod()[pri:0, instance:testcases.TC_01_PayPal@136e911]" name="beforeMethod" is-config="true" duration-ms="11247" started-at="2018-05-27T13:36:39Z" finished-at="2018-05-27T13:36:50Z">
          <reporter-output>
          </reporter-output>
        </test-method> <!-- beforeMethod -->
        <test-method status="PASS" signature="Paypal(java.lang.String, java.lang.String, java.lang.String, java.lang.String)[pri:0, instance:testcases.TC_01_PayPal@136e911]" name="Paypal" duration-ms="14407" started-at="2018-05-27T13:36:50Z" data-provider="fetchData" finished-at="2018-05-27T13:37:05Z">
          <params>
            <param index="0">
              <value>
                <![CDATA[India]]>
              </value>
            </param>
            <param index="1">
              <value>
                <![CDATA[mohamedismail@gmail.com]]>
              </value>
            </param>
            <param index="2">
              <value>
                <![CDATA[Ismail24@]]>
              </value>
            </param>
            <param index="3">
              <value>
                <![CDATA[Ismail24@]]>
              </value>
            </param>
          </params>
          <reporter-output>
          </reporter-output>
        </test-method> <!-- Paypal -->
        <test-method status="PASS" signature="afterMethod()[pri:0, instance:testcases.TC_01_PayPal@136e911]" name="afterMethod" is-config="true" duration-ms="769" started-at="2018-05-27T13:37:05Z" finished-at="2018-05-27T13:37:05Z">
          <reporter-output>
          </reporter-output>
        </test-method> <!-- afterMethod -->
        <test-method status="PASS" signature="afterTest()[pri:0, instance:testcases.TC_01_PayPal@136e911]" name="afterTest" is-config="true" duration-ms="1" started-at="2018-05-27T13:37:05Z" finished-at="2018-05-27T13:37:05Z">
          <reporter-output>
          </reporter-output>
        </test-method> <!-- afterTest -->
        <test-method status="PASS" signature="afterSuite()[pri:0, instance:testcases.TC_01_PayPal@136e911]" name="afterSuite" is-config="true" duration-ms="485" started-at="2018-05-27T13:37:05Z" finished-at="2018-05-27T13:37:06Z">
          <reporter-output>
          </reporter-output>
        </test-method> <!-- afterSuite -->
      </class> <!-- testcases.TC_01_PayPal -->
    </test> <!-- Default test -->
  </suite> <!-- Default suite -->
</testng-results>
